Arguments: 
  /usr/local/bin/node /usr/local/Cellar/yarn/1.22.10/libexec/bin/yarn.js add node:console

PATH: 
  /usr/local/lib/node_modules/npm/node_modules/npm-lifecycle/node-gyp-bin:/Users/solipkim/Developer/WEB/web-api-profile/node_modules/.bin:/usr/local/lib/node_modules/npm/node_modules/npm-lifecycle/node-gyp-bin:/Users/solipkim/Developer/WEB/web-api-profile/node_modules/.bin:/Users/solipkim/Workspace/base-go/bin:/usr/local/bin:/usr/bin:/bin:/usr/sbin:/sbin:/usr/local/go/bin:/Library/Apple/usr/bin:/Users/solipkim/Workspace/base-go/bin

Yarn version: 
  1.22.10

Node version: 
  14.15.4

Platform: 
  darwin x64

Trace: 
  Error: node:console: Invalid protocol: node:
      at Request.module.exports.Request.init (/usr/local/Cellar/yarn/1.22.10/libexec/lib/cli.js:141018:31)
      at new Request (/usr/local/Cellar/yarn/1.22.10/libexec/lib/cli.js:140691:8)
      at request (/usr/local/Cellar/yarn/1.22.10/libexec/lib/cli.js:137597:10)
      at RequestManager.execute (/usr/local/Cellar/yarn/1.22.10/libexec/lib/cli.js:67040:15)
      at RequestManager.shiftQueue (/usr/local/Cellar/yarn/1.22.10/libexec/lib/cli.js:67078:10)
      at /usr/local/Cellar/yarn/1.22.10/libexec/lib/cli.js:66747:13
      at new Promise (<anonymous>)
      at new F (/usr/local/Cellar/yarn/1.22.10/libexec/lib/cli.js:5301:28)
      at RequestManager.request (/usr/local/Cellar/yarn/1.22.10/libexec/lib/cli.js:66745:19)
      at NpmRegistry.<anonymous> (/usr/local/Cellar/yarn/1.22.10/libexec/lib/cli.js:31704:42)

npm manifest: 
  {
    "name": "web-api-profile",
    "version": "1.0.0",
    "description": "",
    "main": "index.js",
    "scripts": {
      "dev": "parcel index.html",
      "build": "parcel build index.html",
      "start": "npm run dev"
    },
    "repository": {
      "type": "git",
      "url": "git+https://github.com/solipkimm/web-api-profile.git"
    },
    "author": "Solip Kim",
    "license": "ISC",
    "bugs": {
      "url": "https://github.com/solipkimm/web-api-profile/issues"
    },
    "homepage": "https://github.com/solipkimm/web-api-profile#readme",
    "devDependencies": {
      "parcel-bundler": "^1.12.5"
    }
  }

yarn manifest: 
  No manifest

Lockfile: 
  No lockfile
